2017-01-28 10:32:53,809 [Worker-22] WARN  o.e.r.models.ModelRepository - Failed to download org.eclipse.recommenders:index::zip:0.0.0
org.eclipse.aether.resolution.ArtifactResolutionException: Could not transfer artifact org.eclipse.recommenders:index:zip:0.0.0-SNAPSHOT from/to models (http://download.eclipse.org/recommenders/models/neon/): download.eclipse.org
	at org.eclipse.aether.internal.impl.DefaultArtifactResolver.resolve(DefaultArtifactResolver.java:444) ~[na:na]
	at org.eclipse.aether.internal.impl.DefaultArtifactResolver.resolveArtifacts(DefaultArtifactResolver.java:246) ~[na:na]
	at org.eclipse.aether.internal.impl.DefaultArtifactResolver.resolveArtifact(DefaultArtifactResolver.java:223) ~[na:na]
	at org.eclipse.aether.internal.impl.DefaultRepositorySystem.resolveArtifact(DefaultRepositorySystem.java:294) ~[na:na]
	at org.eclipse.recommenders.models.ModelRepository.resolveInternal(ModelRepository.java:220) [org.eclipse.recommenders.models_2.4.0.v20160607-1609.jar:na]
	at org.eclipse.recommenders.models.ModelRepository.resolve(ModelRepository.java:199) [org.eclipse.recommenders.models_2.4.0.v20160607-1609.jar:na]
	at org.eclipse.recommenders.internal.models.rcp.EclipseModelRepository.resolve(EclipseModelRepository.java:165) [org.eclipse.recommenders.models.rcp_2.4.0.v20160607-1609.jar:na]
	at org.eclipse.recommenders.internal.models.rcp.DownloadModelArchiveJob.run(DownloadModelArchiveJob.java:76) [org.eclipse.recommenders.models.rcp_2.4.0.v20160607-1609.jar:na]
	at org.eclipse.core.internal.jobs.Worker.run(Worker.java:55) [org.eclipse.core.jobs_3.8.0.v20160509-0411.jar:na]
Caused by: org.eclipse.aether.transfer.ArtifactTransferException: Could not transfer artifact org.eclipse.recommenders:index:zip:0.0.0-SNAPSHOT from/to models (http://download.eclipse.org/recommenders/models/neon/): download.eclipse.org
	at org.eclipse.aether.connector.basic.ArtifactTransportListener.transferFailed(ArtifactTransportListener.java:43) ~[org.eclipse.aether.connector.basic_1.0.1.v20141111.jar:na]
	at org.eclipse.aether.connector.basic.BasicRepositoryConnector$TaskRunner.run(BasicRepositoryConnector.java:355) ~[org.eclipse.aether.connector.basic_1.0.1.v20141111.jar:na]
	at org.eclipse.aether.util.concurrency.RunnableErrorForwarder$1.run(RunnableErrorForwarder.java:67) ~[na:na]
	at org.eclipse.aether.connector.basic.BasicRepositoryConnector$DirectExecutor.execute(BasicRepositoryConnector.java:581) ~[org.eclipse.aether.connector.basic_1.0.1.v20141111.jar:na]
	at org.eclipse.aether.connector.basic.BasicRepositoryConnector.get(BasicRepositoryConnector.java:249) ~[org.eclipse.aether.connector.basic_1.0.1.v20141111.jar:na]
	at org.eclipse.aether.internal.impl.DefaultArtifactResolver.performDownloads(DefaultArtifactResolver.java:520) ~[na:na]
	at org.eclipse.aether.internal.impl.DefaultArtifactResolver.resolve(DefaultArtifactResolver.java:421) ~[na:na]
	... 8 common frames omitted
Caused by: java.net.UnknownHostException: download.eclipse.org
	at java.net.InetAddress.getAllByName0(Unknown Source) ~[na:1.8.0_111]
	at java.net.InetAddress.getAllByName(Unknown Source) ~[na:1.8.0_111]
	at java.net.InetAddress.getAllByName(Unknown Source) ~[na:1.8.0_111]
	at org.apache.http.impl.conn.SystemDefaultDnsResolver.resolve(SystemDefaultDnsResolver.java:44) ~[na:na]
	at org.apache.http.impl.conn.DefaultClientConnectionOperator.resolveHostname(DefaultClientConnectionOperator.java:259) ~[na:na]
	at org.apache.http.impl.conn.DefaultClientConnectionOperator.openConnection(DefaultClientConnectionOperator.java:159) ~[na:na]
	at org.apache.http.impl.conn.ManagedClientConnectionImpl.open(ManagedClientConnectionImpl.java:304) ~[na:na]
	at org.apache.http.impl.client.DefaultRequestDirector.tryConnect(DefaultRequestDirector.java:611) ~[na:na]
	at org.apache.http.impl.client.DefaultRequestDirector.execute(DefaultRequestDirector.java:446) ~[na:na]
	at org.apache.http.impl.client.AbstractHttpClient.doExecute(AbstractHttpClient.java:863) ~[na:na]
	at org.apache.http.impl.client.CloseableHttpClient.execute(CloseableHttpClient.java:72) ~[na:na]
	at org.apache.http.impl.client.CloseableHttpClient.execute(CloseableHttpClient.java:57) ~[na:na]
	at org.apache.http.impl.client.DecompressingHttpClient.execute(DecompressingHttpClient.java:158) ~[na:na]
	at org.eclipse.aether.transport.http.HttpTransporter.execute(HttpTransporter.java:287) ~[org.eclipse.aether.transport.http_1.0.1.v20141111.jar:na]
	at org.eclipse.aether.transport.http.HttpTransporter.implGet(HttpTransporter.java:243) ~[org.eclipse.aether.transport.http_1.0.1.v20141111.jar:na]
	at org.eclipse.aether.spi.connector.transport.AbstractTransporter.get(AbstractTransporter.java:59) ~[org.eclipse.aether.spi_1.0.1.v20141111.jar:na]
	at org.eclipse.aether.connector.basic.BasicRepositoryConnector$GetTaskRunner.runTask(BasicRepositoryConnector.java:447) ~[org.eclipse.aether.connector.basic_1.0.1.v20141111.jar:na]
	at org.eclipse.aether.connector.basic.BasicRepositoryConnector$TaskRunner.run(BasicRepositoryConnector.java:350) ~[org.eclipse.aether.connector.basic_1.0.1.v20141111.jar:na]
	... 13 common frames omitted
2017-02-12 09:02:30,142 [Worker-3] WARN  o.e.r.models.ModelRepository - Failed to download jre:jre:call:zip:1.0.0
org.eclipse.aether.resolution.ArtifactResolutionException: Could not transfer artifact jre:jre:zip:call:1.0.0-SNAPSHOT from/to models (http://download.eclipse.org/recommenders/models/neon/): download.eclipse.org
	at org.eclipse.aether.internal.impl.DefaultArtifactResolver.resolve(DefaultArtifactResolver.java:444) ~[na:na]
	at org.eclipse.aether.internal.impl.DefaultArtifactResolver.resolveArtifacts(DefaultArtifactResolver.java:246) ~[na:na]
	at org.eclipse.aether.internal.impl.DefaultArtifactResolver.resolveArtifact(DefaultArtifactResolver.java:223) ~[na:na]
	at org.eclipse.aether.internal.impl.DefaultRepositorySystem.resolveArtifact(DefaultRepositorySystem.java:294) ~[na:na]
	at org.eclipse.recommenders.models.ModelRepository.resolveInternal(ModelRepository.java:220) [org.eclipse.recommenders.models_2.4.0.v20160607-1609.jar:na]
	at org.eclipse.recommenders.models.ModelRepository.resolve(ModelRepository.java:199) [org.eclipse.recommenders.models_2.4.0.v20160607-1609.jar:na]
	at org.eclipse.recommenders.internal.models.rcp.EclipseModelRepository.resolve(EclipseModelRepository.java:165) [org.eclipse.recommenders.models.rcp_2.4.0.v20160607-1609.jar:na]
	at org.eclipse.recommenders.internal.models.rcp.DownloadModelArchiveJob.run(DownloadModelArchiveJob.java:76) [org.eclipse.recommenders.models.rcp_2.4.0.v20160607-1609.jar:na]
	at org.eclipse.core.internal.jobs.Worker.run(Worker.java:55) [org.eclipse.core.jobs_3.8.0.v20160509-0411.jar:na]
Caused by: org.eclipse.aether.transfer.ArtifactTransferException: Could not transfer artifact jre:jre:zip:call:1.0.0-SNAPSHOT from/to models (http://download.eclipse.org/recommenders/models/neon/): download.eclipse.org
	at org.eclipse.aether.connector.basic.ArtifactTransportListener.transferFailed(ArtifactTransportListener.java:43) ~[org.eclipse.aether.connector.basic_1.0.1.v20141111.jar:na]
	at org.eclipse.aether.connector.basic.BasicRepositoryConnector$TaskRunner.run(BasicRepositoryConnector.java:355) ~[org.eclipse.aether.connector.basic_1.0.1.v20141111.jar:na]
	at org.eclipse.aether.util.concurrency.RunnableErrorForwarder$1.run(RunnableErrorForwarder.java:67) ~[na:na]
	at org.eclipse.aether.connector.basic.BasicRepositoryConnector$DirectExecutor.execute(BasicRepositoryConnector.java:581) ~[org.eclipse.aether.connector.basic_1.0.1.v20141111.jar:na]
	at org.eclipse.aether.connector.basic.BasicRepositoryConnector.get(BasicRepositoryConnector.java:249) ~[org.eclipse.aether.connector.basic_1.0.1.v20141111.jar:na]
	at org.eclipse.aether.internal.impl.DefaultArtifactResolver.performDownloads(DefaultArtifactResolver.java:520) ~[na:na]
	at org.eclipse.aether.internal.impl.DefaultArtifactResolver.resolve(DefaultArtifactResolver.java:421) ~[na:na]
	... 8 common frames omitted
Caused by: java.net.UnknownHostException: download.eclipse.org
	at java.net.InetAddress.getAllByName0(Unknown Source) ~[na:1.8.0_111]
	at java.net.InetAddress.getAllByName(Unknown Source) ~[na:1.8.0_111]
	at java.net.InetAddress.getAllByName(Unknown Source) ~[na:1.8.0_111]
	at org.apache.http.impl.conn.SystemDefaultDnsResolver.resolve(SystemDefaultDnsResolver.java:44) ~[na:na]
	at org.apache.http.impl.conn.DefaultClientConnectionOperator.resolveHostname(DefaultClientConnectionOperator.java:259) ~[na:na]
	at org.apache.http.impl.conn.DefaultClientConnectionOperator.openConnection(DefaultClientConnectionOperator.java:159) ~[na:na]
	at org.apache.http.impl.conn.ManagedClientConnectionImpl.open(ManagedClientConnectionImpl.java:304) ~[na:na]
	at org.apache.http.impl.client.DefaultRequestDirector.tryConnect(DefaultRequestDirector.java:611) ~[na:na]
	at org.apache.http.impl.client.DefaultRequestDirector.execute(DefaultRequestDirector.java:446) ~[na:na]
	at org.apache.http.impl.client.AbstractHttpClient.doExecute(AbstractHttpClient.java:863) ~[na:na]
	at org.apache.http.impl.client.CloseableHttpClient.execute(CloseableHttpClient.java:72) ~[na:na]
	at org.apache.http.impl.client.CloseableHttpClient.execute(CloseableHttpClient.java:57) ~[na:na]
	at org.apache.http.impl.client.DecompressingHttpClient.execute(DecompressingHttpClient.java:158) ~[na:na]
	at org.eclipse.aether.transport.http.HttpTransporter.execute(HttpTransporter.java:287) ~[org.eclipse.aether.transport.http_1.0.1.v20141111.jar:na]
	at org.eclipse.aether.transport.http.HttpTransporter.implGet(HttpTransporter.java:243) ~[org.eclipse.aether.transport.http_1.0.1.v20141111.jar:na]
	at org.eclipse.aether.spi.connector.transport.AbstractTransporter.get(AbstractTransporter.java:59) ~[org.eclipse.aether.spi_1.0.1.v20141111.jar:na]
	at org.eclipse.aether.connector.basic.BasicRepositoryConnector$GetTaskRunner.runTask(BasicRepositoryConnector.java:447) ~[org.eclipse.aether.connector.basic_1.0.1.v20141111.jar:na]
	at org.eclipse.aether.connector.basic.BasicRepositoryConnector$TaskRunner.run(BasicRepositoryConnector.java:350) ~[org.eclipse.aether.connector.basic_1.0.1.v20141111.jar:na]
	... 13 common frames omitted
2017-02-12 09:02:30,185 [Worker-6] WARN  o.e.r.models.ModelRepository - Failed to download org.eclipse.recommenders:index::zip:0.0.0
org.eclipse.aether.resolution.ArtifactResolutionException: Could not transfer artifact org.eclipse.recommenders:index:zip:0.0.0-SNAPSHOT from/to models (http://download.eclipse.org/recommenders/models/neon/): download.eclipse.org
	at org.eclipse.aether.internal.impl.DefaultArtifactResolver.resolve(DefaultArtifactResolver.java:444) ~[na:na]
	at org.eclipse.aether.internal.impl.DefaultArtifactResolver.resolveArtifacts(DefaultArtifactResolver.java:246) ~[na:na]
	at org.eclipse.aether.internal.impl.DefaultArtifactResolver.resolveArtifact(DefaultArtifactResolver.java:223) ~[na:na]
	at org.eclipse.aether.internal.impl.DefaultRepositorySystem.resolveArtifact(DefaultRepositorySystem.java:294) ~[na:na]
	at org.eclipse.recommenders.models.ModelRepository.resolveInternal(ModelRepository.java:220) [org.eclipse.recommenders.models_2.4.0.v20160607-1609.jar:na]
	at org.eclipse.recommenders.models.ModelRepository.resolve(ModelRepository.java:199) [org.eclipse.recommenders.models_2.4.0.v20160607-1609.jar:na]
	at org.eclipse.recommenders.internal.models.rcp.EclipseModelRepository.resolve(EclipseModelRepository.java:165) [org.eclipse.recommenders.models.rcp_2.4.0.v20160607-1609.jar:na]
	at org.eclipse.recommenders.internal.models.rcp.DownloadModelArchiveJob.run(DownloadModelArchiveJob.java:76) [org.eclipse.recommenders.models.rcp_2.4.0.v20160607-1609.jar:na]
	at org.eclipse.core.internal.jobs.Worker.run(Worker.java:55) [org.eclipse.core.jobs_3.8.0.v20160509-0411.jar:na]
Caused by: org.eclipse.aether.transfer.ArtifactTransferException: Could not transfer artifact org.eclipse.recommenders:index:zip:0.0.0-SNAPSHOT from/to models (http://download.eclipse.org/recommenders/models/neon/): download.eclipse.org
	at org.eclipse.aether.connector.basic.ArtifactTransportListener.transferFailed(ArtifactTransportListener.java:43) ~[org.eclipse.aether.connector.basic_1.0.1.v20141111.jar:na]
	at org.eclipse.aether.connector.basic.BasicRepositoryConnector$TaskRunner.run(BasicRepositoryConnector.java:355) ~[org.eclipse.aether.connector.basic_1.0.1.v20141111.jar:na]
	at org.eclipse.aether.util.concurrency.RunnableErrorForwarder$1.run(RunnableErrorForwarder.java:67) ~[na:na]
	at org.eclipse.aether.connector.basic.BasicRepositoryConnector$DirectExecutor.execute(BasicRepositoryConnector.java:581) ~[org.eclipse.aether.connector.basic_1.0.1.v20141111.jar:na]
	at org.eclipse.aether.connector.basic.BasicRepositoryConnector.get(BasicRepositoryConnector.java:249) ~[org.eclipse.aether.connector.basic_1.0.1.v20141111.jar:na]
	at org.eclipse.aether.internal.impl.DefaultArtifactResolver.performDownloads(DefaultArtifactResolver.java:520) ~[na:na]
	at org.eclipse.aether.internal.impl.DefaultArtifactResolver.resolve(DefaultArtifactResolver.java:421) ~[na:na]
	... 8 common frames omitted
Caused by: java.net.UnknownHostException: download.eclipse.org
	at java.net.InetAddress.getAllByName0(Unknown Source) ~[na:1.8.0_111]
	at java.net.InetAddress.getAllByName(Unknown Source) ~[na:1.8.0_111]
	at java.net.InetAddress.getAllByName(Unknown Source) ~[na:1.8.0_111]
	at org.apache.http.impl.conn.SystemDefaultDnsResolver.resolve(SystemDefaultDnsResolver.java:44) ~[na:na]
	at org.apache.http.impl.conn.DefaultClientConnectionOperator.resolveHostname(DefaultClientConnectionOperator.java:259) ~[na:na]
	at org.apache.http.impl.conn.DefaultClientConnectionOperator.openConnection(DefaultClientConnectionOperator.java:159) ~[na:na]
	at org.apache.http.impl.conn.ManagedClientConnectionImpl.open(ManagedClientConnectionImpl.java:304) ~[na:na]
	at org.apache.http.impl.client.DefaultRequestDirector.tryConnect(DefaultRequestDirector.java:611) ~[na:na]
	at org.apache.http.impl.client.DefaultRequestDirector.execute(DefaultRequestDirector.java:446) ~[na:na]
	at org.apache.http.impl.client.AbstractHttpClient.doExecute(AbstractHttpClient.java:863) ~[na:na]
	at org.apache.http.impl.client.CloseableHttpClient.execute(CloseableHttpClient.java:72) ~[na:na]
	at org.apache.http.impl.client.CloseableHttpClient.execute(CloseableHttpClient.java:57) ~[na:na]
	at org.apache.http.impl.client.DecompressingHttpClient.execute(DecompressingHttpClient.java:158) ~[na:na]
	at org.eclipse.aether.transport.http.HttpTransporter.execute(HttpTransporter.java:287) ~[org.eclipse.aether.transport.http_1.0.1.v20141111.jar:na]
	at org.eclipse.aether.transport.http.HttpTransporter.implGet(HttpTransporter.java:243) ~[org.eclipse.aether.transport.http_1.0.1.v20141111.jar:na]
	at org.eclipse.aether.spi.connector.transport.AbstractTransporter.get(AbstractTransporter.java:59) ~[org.eclipse.aether.spi_1.0.1.v20141111.jar:na]
	at org.eclipse.aether.connector.basic.BasicRepositoryConnector$GetTaskRunner.runTask(BasicRepositoryConnector.java:447) ~[org.eclipse.aether.connector.basic_1.0.1.v20141111.jar:na]
	at org.eclipse.aether.connector.basic.BasicRepositoryConnector$TaskRunner.run(BasicRepositoryConnector.java:350) ~[org.eclipse.aether.connector.basic_1.0.1.v20141111.jar:na]
	... 13 common frames omitted
2017-02-12 09:02:58,171 [Worker-4] WARN  o.e.r.models.ModelRepository - Failed to download jre:jre:call:zip:1.0.0
org.eclipse.aether.resolution.ArtifactResolutionException: Failure to transfer jre:jre:zip:call:1.0.0-SNAPSHOT from http://download.eclipse.org/recommenders/models/neon/ was cached in the local repository, resolution will not be reattempted until the update interval of models has elapsed or updates are forced. Original error: Could not transfer artifact jre:jre:zip:call:1.0.0-SNAPSHOT from/to models (http://download.eclipse.org/recommenders/models/neon/): download.eclipse.org
	at org.eclipse.aether.internal.impl.DefaultArtifactResolver.resolve(DefaultArtifactResolver.java:444) ~[na:na]
	at org.eclipse.aether.internal.impl.DefaultArtifactResolver.resolveArtifacts(DefaultArtifactResolver.java:246) ~[na:na]
	at org.eclipse.aether.internal.impl.DefaultArtifactResolver.resolveArtifact(DefaultArtifactResolver.java:223) ~[na:na]
	at org.eclipse.aether.internal.impl.DefaultRepositorySystem.resolveArtifact(DefaultRepositorySystem.java:294) ~[na:na]
	at org.eclipse.recommenders.models.ModelRepository.resolveInternal(ModelRepository.java:220) [org.eclipse.recommenders.models_2.4.0.v20160607-1609.jar:na]
	at org.eclipse.recommenders.models.ModelRepository.resolve(ModelRepository.java:199) [org.eclipse.recommenders.models_2.4.0.v20160607-1609.jar:na]
	at org.eclipse.recommenders.internal.models.rcp.EclipseModelRepository.resolve(EclipseModelRepository.java:165) [org.eclipse.recommenders.models.rcp_2.4.0.v20160607-1609.jar:na]
	at org.eclipse.recommenders.internal.models.rcp.DownloadModelArchiveJob.run(DownloadModelArchiveJob.java:76) [org.eclipse.recommenders.models.rcp_2.4.0.v20160607-1609.jar:na]
	at org.eclipse.core.internal.jobs.Worker.run(Worker.java:55) [org.eclipse.core.jobs_3.8.0.v20160509-0411.jar:na]
Caused by: org.eclipse.aether.transfer.ArtifactTransferException: Failure to transfer jre:jre:zip:call:1.0.0-SNAPSHOT from http://download.eclipse.org/recommenders/models/neon/ was cached in the local repository, resolution will not be reattempted until the update interval of models has elapsed or updates are forced. Original error: Could not transfer artifact jre:jre:zip:call:1.0.0-SNAPSHOT from/to models (http://download.eclipse.org/recommenders/models/neon/): download.eclipse.org
	at org.eclipse.aether.internal.impl.DefaultUpdateCheckManager.newException(DefaultUpdateCheckManager.java:238) ~[na:na]
	at org.eclipse.aether.internal.impl.DefaultUpdateCheckManager.checkArtifact(DefaultUpdateCheckManager.java:206) ~[na:na]
	at org.eclipse.aether.internal.impl.DefaultArtifactResolver.gatherDownloads(DefaultArtifactResolver.java:585) ~[na:na]
	at org.eclipse.aether.internal.impl.DefaultArtifactResolver.performDownloads(DefaultArtifactResolver.java:503) ~[na:na]
	at org.eclipse.aether.internal.impl.DefaultArtifactResolver.resolve(DefaultArtifactResolver.java:421) ~[na:na]
	... 8 common frames omitted
2017-02-12 09:17:03,332 [Worker-4] WARN  o.e.r.models.ModelRepository - Failed to download jre:jre:call:zip:1.0.0
org.eclipse.aether.resolution.ArtifactResolutionException: Failure to transfer jre:jre:zip:call:1.0.0-SNAPSHOT from http://download.eclipse.org/recommenders/models/neon/ was cached in the local repository, resolution will not be reattempted until the update interval of models has elapsed or updates are forced. Original error: Could not transfer artifact jre:jre:zip:call:1.0.0-SNAPSHOT from/to models (http://download.eclipse.org/recommenders/models/neon/): download.eclipse.org
	at org.eclipse.aether.internal.impl.DefaultArtifactResolver.resolve(DefaultArtifactResolver.java:444) ~[na:na]
	at org.eclipse.aether.internal.impl.DefaultArtifactResolver.resolveArtifacts(DefaultArtifactResolver.java:246) ~[na:na]
	at org.eclipse.aether.internal.impl.DefaultArtifactResolver.resolveArtifact(DefaultArtifactResolver.java:223) ~[na:na]
	at org.eclipse.aether.internal.impl.DefaultRepositorySystem.resolveArtifact(DefaultRepositorySystem.java:294) ~[na:na]
	at org.eclipse.recommenders.models.ModelRepository.resolveInternal(ModelRepository.java:220) [org.eclipse.recommenders.models_2.4.0.v20160607-1609.jar:na]
	at org.eclipse.recommenders.models.ModelRepository.resolve(ModelRepository.java:199) [org.eclipse.recommenders.models_2.4.0.v20160607-1609.jar:na]
	at org.eclipse.recommenders.internal.models.rcp.EclipseModelRepository.resolve(EclipseModelRepository.java:165) [org.eclipse.recommenders.models.rcp_2.4.0.v20160607-1609.jar:na]
	at org.eclipse.recommenders.internal.models.rcp.DownloadModelArchiveJob.run(DownloadModelArchiveJob.java:76) [org.eclipse.recommenders.models.rcp_2.4.0.v20160607-1609.jar:na]
	at org.eclipse.core.internal.jobs.Worker.run(Worker.java:55) [org.eclipse.core.jobs_3.8.0.v20160509-0411.jar:na]
Caused by: org.eclipse.aether.transfer.ArtifactTransferException: Failure to transfer jre:jre:zip:call:1.0.0-SNAPSHOT from http://download.eclipse.org/recommenders/models/neon/ was cached in the local repository, resolution will not be reattempted until the update interval of models has elapsed or updates are forced. Original error: Could not transfer artifact jre:jre:zip:call:1.0.0-SNAPSHOT from/to models (http://download.eclipse.org/recommenders/models/neon/): download.eclipse.org
	at org.eclipse.aether.internal.impl.DefaultUpdateCheckManager.newException(DefaultUpdateCheckManager.java:238) ~[na:na]
	at org.eclipse.aether.internal.impl.DefaultUpdateCheckManager.checkArtifact(DefaultUpdateCheckManager.java:206) ~[na:na]
	at org.eclipse.aether.internal.impl.DefaultArtifactResolver.gatherDownloads(DefaultArtifactResolver.java:585) ~[na:na]
	at org.eclipse.aether.internal.impl.DefaultArtifactResolver.performDownloads(DefaultArtifactResolver.java:503) ~[na:na]
	at org.eclipse.aether.internal.impl.DefaultArtifactResolver.resolve(DefaultArtifactResolver.java:421) ~[na:na]
	... 8 common frames omitted
2017-02-12 09:30:23,520 [Worker-11] WARN  o.e.r.models.ModelRepository - Failed to download jre:jre:call:zip:1.0.0
org.eclipse.aether.resolution.ArtifactResolutionException: Failure to transfer jre:jre:zip:call:1.0.0-SNAPSHOT from http://download.eclipse.org/recommenders/models/neon/ was cached in the local repository, resolution will not be reattempted until the update interval of models has elapsed or updates are forced. Original error: Could not transfer artifact jre:jre:zip:call:1.0.0-SNAPSHOT from/to models (http://download.eclipse.org/recommenders/models/neon/): download.eclipse.org
	at org.eclipse.aether.internal.impl.DefaultArtifactResolver.resolve(DefaultArtifactResolver.java:444) ~[na:na]
	at org.eclipse.aether.internal.impl.DefaultArtifactResolver.resolveArtifacts(DefaultArtifactResolver.java:246) ~[na:na]
	at org.eclipse.aether.internal.impl.DefaultArtifactResolver.resolveArtifact(DefaultArtifactResolver.java:223) ~[na:na]
	at org.eclipse.aether.internal.impl.DefaultRepositorySystem.resolveArtifact(DefaultRepositorySystem.java:294) ~[na:na]
	at org.eclipse.recommenders.models.ModelRepository.resolveInternal(ModelRepository.java:220) [org.eclipse.recommenders.models_2.4.0.v20160607-1609.jar:na]
	at org.eclipse.recommenders.models.ModelRepository.resolve(ModelRepository.java:199) [org.eclipse.recommenders.models_2.4.0.v20160607-1609.jar:na]
	at org.eclipse.recommenders.internal.models.rcp.EclipseModelRepository.resolve(EclipseModelRepository.java:165) [org.eclipse.recommenders.models.rcp_2.4.0.v20160607-1609.jar:na]
	at org.eclipse.recommenders.internal.models.rcp.DownloadModelArchiveJob.run(DownloadModelArchiveJob.java:76) [org.eclipse.recommenders.models.rcp_2.4.0.v20160607-1609.jar:na]
	at org.eclipse.core.internal.jobs.Worker.run(Worker.java:55) [org.eclipse.core.jobs_3.8.0.v20160509-0411.jar:na]
Caused by: org.eclipse.aether.transfer.ArtifactTransferException: Failure to transfer jre:jre:zip:call:1.0.0-SNAPSHOT from http://download.eclipse.org/recommenders/models/neon/ was cached in the local repository, resolution will not be reattempted until the update interval of models has elapsed or updates are forced. Original error: Could not transfer artifact jre:jre:zip:call:1.0.0-SNAPSHOT from/to models (http://download.eclipse.org/recommenders/models/neon/): download.eclipse.org
	at org.eclipse.aether.internal.impl.DefaultUpdateCheckManager.newException(DefaultUpdateCheckManager.java:238) ~[na:na]
	at org.eclipse.aether.internal.impl.DefaultUpdateCheckManager.checkArtifact(DefaultUpdateCheckManager.java:206) ~[na:na]
	at org.eclipse.aether.internal.impl.DefaultArtifactResolver.gatherDownloads(DefaultArtifactResolver.java:585) ~[na:na]
	at org.eclipse.aether.internal.impl.DefaultArtifactResolver.performDownloads(DefaultArtifactResolver.java:503) ~[na:na]
	at org.eclipse.aether.internal.impl.DefaultArtifactResolver.resolve(DefaultArtifactResolver.java:421) ~[na:na]
	... 8 common frames omitted
2017-02-12 09:30:30,873 [Worker-15] WARN  o.e.r.models.ModelRepository - Failed to download jre:jre:call:zip:1.0.0
org.eclipse.aether.resolution.ArtifactResolutionException: Failure to transfer jre:jre:zip:call:1.0.0-SNAPSHOT from http://download.eclipse.org/recommenders/models/neon/ was cached in the local repository, resolution will not be reattempted until the update interval of models has elapsed or updates are forced. Original error: Could not transfer artifact jre:jre:zip:call:1.0.0-SNAPSHOT from/to models (http://download.eclipse.org/recommenders/models/neon/): download.eclipse.org
	at org.eclipse.aether.internal.impl.DefaultArtifactResolver.resolve(DefaultArtifactResolver.java:444) ~[na:na]
	at org.eclipse.aether.internal.impl.DefaultArtifactResolver.resolveArtifacts(DefaultArtifactResolver.java:246) ~[na:na]
	at org.eclipse.aether.internal.impl.DefaultArtifactResolver.resolveArtifact(DefaultArtifactResolver.java:223) ~[na:na]
	at org.eclipse.aether.internal.impl.DefaultRepositorySystem.resolveArtifact(DefaultRepositorySystem.java:294) ~[na:na]
	at org.eclipse.recommenders.models.ModelRepository.resolveInternal(ModelRepository.java:220) [org.eclipse.recommenders.models_2.4.0.v20160607-1609.jar:na]
	at org.eclipse.recommenders.models.ModelRepository.resolve(ModelRepository.java:199) [org.eclipse.recommenders.models_2.4.0.v20160607-1609.jar:na]
	at org.eclipse.recommenders.internal.models.rcp.EclipseModelRepository.resolve(EclipseModelRepository.java:165) [org.eclipse.recommenders.models.rcp_2.4.0.v20160607-1609.jar:na]
	at org.eclipse.recommenders.internal.models.rcp.DownloadModelArchiveJob.run(DownloadModelArchiveJob.java:76) [org.eclipse.recommenders.models.rcp_2.4.0.v20160607-1609.jar:na]
	at org.eclipse.core.internal.jobs.Worker.run(Worker.java:55) [org.eclipse.core.jobs_3.8.0.v20160509-0411.jar:na]
Caused by: org.eclipse.aether.transfer.ArtifactTransferException: Failure to transfer jre:jre:zip:call:1.0.0-SNAPSHOT from http://download.eclipse.org/recommenders/models/neon/ was cached in the local repository, resolution will not be reattempted until the update interval of models has elapsed or updates are forced. Original error: Could not transfer artifact jre:jre:zip:call:1.0.0-SNAPSHOT from/to models (http://download.eclipse.org/recommenders/models/neon/): download.eclipse.org
	at org.eclipse.aether.internal.impl.DefaultUpdateCheckManager.newException(DefaultUpdateCheckManager.java:238) ~[na:na]
	at org.eclipse.aether.internal.impl.DefaultUpdateCheckManager.checkArtifact(DefaultUpdateCheckManager.java:206) ~[na:na]
	at org.eclipse.aether.internal.impl.DefaultArtifactResolver.gatherDownloads(DefaultArtifactResolver.java:585) ~[na:na]
	at org.eclipse.aether.internal.impl.DefaultArtifactResolver.performDownloads(DefaultArtifactResolver.java:503) ~[na:na]
	at org.eclipse.aether.internal.impl.DefaultArtifactResolver.resolve(DefaultArtifactResolver.java:421) ~[na:na]
	... 8 common frames omitted
2017-02-12 09:42:28,008 [Worker-11] WARN  o.e.r.models.ModelRepository - Failed to download jre:jre:call:zip:1.0.0
org.eclipse.aether.resolution.ArtifactResolutionException: Failure to transfer jre:jre:zip:call:1.0.0-SNAPSHOT from http://download.eclipse.org/recommenders/models/neon/ was cached in the local repository, resolution will not be reattempted until the update interval of models has elapsed or updates are forced. Original error: Could not transfer artifact jre:jre:zip:call:1.0.0-SNAPSHOT from/to models (http://download.eclipse.org/recommenders/models/neon/): download.eclipse.org
	at org.eclipse.aether.internal.impl.DefaultArtifactResolver.resolve(DefaultArtifactResolver.java:444) ~[na:na]
	at org.eclipse.aether.internal.impl.DefaultArtifactResolver.resolveArtifacts(DefaultArtifactResolver.java:246) ~[na:na]
	at org.eclipse.aether.internal.impl.DefaultArtifactResolver.resolveArtifact(DefaultArtifactResolver.java:223) ~[na:na]
	at org.eclipse.aether.internal.impl.DefaultRepositorySystem.resolveArtifact(DefaultRepositorySystem.java:294) ~[na:na]
	at org.eclipse.recommenders.models.ModelRepository.resolveInternal(ModelRepository.java:220) [org.eclipse.recommenders.models_2.4.0.v20160607-1609.jar:na]
	at org.eclipse.recommenders.models.ModelRepository.resolve(ModelRepository.java:199) [org.eclipse.recommenders.models_2.4.0.v20160607-1609.jar:na]
	at org.eclipse.recommenders.internal.models.rcp.EclipseModelRepository.resolve(EclipseModelRepository.java:165) [org.eclipse.recommenders.models.rcp_2.4.0.v20160607-1609.jar:na]
	at org.eclipse.recommenders.internal.models.rcp.DownloadModelArchiveJob.run(DownloadModelArchiveJob.java:76) [org.eclipse.recommenders.models.rcp_2.4.0.v20160607-1609.jar:na]
	at org.eclipse.core.internal.jobs.Worker.run(Worker.java:55) [org.eclipse.core.jobs_3.8.0.v20160509-0411.jar:na]
Caused by: org.eclipse.aether.transfer.ArtifactTransferException: Failure to transfer jre:jre:zip:call:1.0.0-SNAPSHOT from http://download.eclipse.org/recommenders/models/neon/ was cached in the local repository, resolution will not be reattempted until the update interval of models has elapsed or updates are forced. Original error: Could not transfer artifact jre:jre:zip:call:1.0.0-SNAPSHOT from/to models (http://download.eclipse.org/recommenders/models/neon/): download.eclipse.org
	at org.eclipse.aether.internal.impl.DefaultUpdateCheckManager.newException(DefaultUpdateCheckManager.java:238) ~[na:na]
	at org.eclipse.aether.internal.impl.DefaultUpdateCheckManager.checkArtifact(DefaultUpdateCheckManager.java:206) ~[na:na]
	at org.eclipse.aether.internal.impl.DefaultArtifactResolver.gatherDownloads(DefaultArtifactResolver.java:585) ~[na:na]
	at org.eclipse.aether.internal.impl.DefaultArtifactResolver.performDownloads(DefaultArtifactResolver.java:503) ~[na:na]
	at org.eclipse.aether.internal.impl.DefaultArtifactResolver.resolve(DefaultArtifactResolver.java:421) ~[na:na]
	... 8 common frames omitted
2017-02-12 09:42:29,115 [Worker-21] WARN  o.e.r.models.ModelRepository - Failed to download jre:jre:call:zip:1.0.0
org.eclipse.aether.resolution.ArtifactResolutionException: Failure to transfer jre:jre:zip:call:1.0.0-SNAPSHOT from http://download.eclipse.org/recommenders/models/neon/ was cached in the local repository, resolution will not be reattempted until the update interval of models has elapsed or updates are forced. Original error: Could not transfer artifact jre:jre:zip:call:1.0.0-SNAPSHOT from/to models (http://download.eclipse.org/recommenders/models/neon/): download.eclipse.org
	at org.eclipse.aether.internal.impl.DefaultArtifactResolver.resolve(DefaultArtifactResolver.java:444) ~[na:na]
	at org.eclipse.aether.internal.impl.DefaultArtifactResolver.resolveArtifacts(DefaultArtifactResolver.java:246) ~[na:na]
	at org.eclipse.aether.internal.impl.DefaultArtifactResolver.resolveArtifact(DefaultArtifactResolver.java:223) ~[na:na]
	at org.eclipse.aether.internal.impl.DefaultRepositorySystem.resolveArtifact(DefaultRepositorySystem.java:294) ~[na:na]
	at org.eclipse.recommenders.models.ModelRepository.resolveInternal(ModelRepository.java:220) [org.eclipse.recommenders.models_2.4.0.v20160607-1609.jar:na]
	at org.eclipse.recommenders.models.ModelRepository.resolve(ModelRepository.java:199) [org.eclipse.recommenders.models_2.4.0.v20160607-1609.jar:na]
	at org.eclipse.recommenders.internal.models.rcp.EclipseModelRepository.resolve(EclipseModelRepository.java:165) [org.eclipse.recommenders.models.rcp_2.4.0.v20160607-1609.jar:na]
	at org.eclipse.recommenders.internal.models.rcp.DownloadModelArchiveJob.run(DownloadModelArchiveJob.java:76) [org.eclipse.recommenders.models.rcp_2.4.0.v20160607-1609.jar:na]
	at org.eclipse.core.internal.jobs.Worker.run(Worker.java:55) [org.eclipse.core.jobs_3.8.0.v20160509-0411.jar:na]
Caused by: org.eclipse.aether.transfer.ArtifactTransferException: Failure to transfer jre:jre:zip:call:1.0.0-SNAPSHOT from http://download.eclipse.org/recommenders/models/neon/ was cached in the local repository, resolution will not be reattempted until the update interval of models has elapsed or updates are forced. Original error: Could not transfer artifact jre:jre:zip:call:1.0.0-SNAPSHOT from/to models (http://download.eclipse.org/recommenders/models/neon/): download.eclipse.org
	at org.eclipse.aether.internal.impl.DefaultUpdateCheckManager.newException(DefaultUpdateCheckManager.java:238) ~[na:na]
	at org.eclipse.aether.internal.impl.DefaultUpdateCheckManager.checkArtifact(DefaultUpdateCheckManager.java:206) ~[na:na]
	at org.eclipse.aether.internal.impl.DefaultArtifactResolver.gatherDownloads(DefaultArtifactResolver.java:585) ~[na:na]
	at org.eclipse.aether.internal.impl.DefaultArtifactResolver.performDownloads(DefaultArtifactResolver.java:503) ~[na:na]
	at org.eclipse.aether.internal.impl.DefaultArtifactResolver.resolve(DefaultArtifactResolver.java:421) ~[na:na]
	... 8 common frames omitted
2017-02-12 09:42:48,168 [Worker-21] WARN  o.e.r.models.ModelRepository - Failed to download jre:jre:call:zip:1.0.0
org.eclipse.aether.resolution.ArtifactResolutionException: Failure to transfer jre:jre:zip:call:1.0.0-SNAPSHOT from http://download.eclipse.org/recommenders/models/neon/ was cached in the local repository, resolution will not be reattempted until the update interval of models has elapsed or updates are forced. Original error: Could not transfer artifact jre:jre:zip:call:1.0.0-SNAPSHOT from/to models (http://download.eclipse.org/recommenders/models/neon/): download.eclipse.org
	at org.eclipse.aether.internal.impl.DefaultArtifactResolver.resolve(DefaultArtifactResolver.java:444) ~[na:na]
	at org.eclipse.aether.internal.impl.DefaultArtifactResolver.resolveArtifacts(DefaultArtifactResolver.java:246) ~[na:na]
	at org.eclipse.aether.internal.impl.DefaultArtifactResolver.resolveArtifact(DefaultArtifactResolver.java:223) ~[na:na]
	at org.eclipse.aether.internal.impl.DefaultRepositorySystem.resolveArtifact(DefaultRepositorySystem.java:294) ~[na:na]
	at org.eclipse.recommenders.models.ModelRepository.resolveInternal(ModelRepository.java:220) [org.eclipse.recommenders.models_2.4.0.v20160607-1609.jar:na]
	at org.eclipse.recommenders.models.ModelRepository.resolve(ModelRepository.java:199) [org.eclipse.recommenders.models_2.4.0.v20160607-1609.jar:na]
	at org.eclipse.recommenders.internal.models.rcp.EclipseModelRepository.resolve(EclipseModelRepository.java:165) [org.eclipse.recommenders.models.rcp_2.4.0.v20160607-1609.jar:na]
	at org.eclipse.recommenders.internal.models.rcp.DownloadModelArchiveJob.run(DownloadModelArchiveJob.java:76) [org.eclipse.recommenders.models.rcp_2.4.0.v20160607-1609.jar:na]
	at org.eclipse.core.internal.jobs.Worker.run(Worker.java:55) [org.eclipse.core.jobs_3.8.0.v20160509-0411.jar:na]
Caused by: org.eclipse.aether.transfer.ArtifactTransferException: Failure to transfer jre:jre:zip:call:1.0.0-SNAPSHOT from http://download.eclipse.org/recommenders/models/neon/ was cached in the local repository, resolution will not be reattempted until the update interval of models has elapsed or updates are forced. Original error: Could not transfer artifact jre:jre:zip:call:1.0.0-SNAPSHOT from/to models (http://download.eclipse.org/recommenders/models/neon/): download.eclipse.org
	at org.eclipse.aether.internal.impl.DefaultUpdateCheckManager.newException(DefaultUpdateCheckManager.java:238) ~[na:na]
	at org.eclipse.aether.internal.impl.DefaultUpdateCheckManager.checkArtifact(DefaultUpdateCheckManager.java:206) ~[na:na]
	at org.eclipse.aether.internal.impl.DefaultArtifactResolver.gatherDownloads(DefaultArtifactResolver.java:585) ~[na:na]
	at org.eclipse.aether.internal.impl.DefaultArtifactResolver.performDownloads(DefaultArtifactResolver.java:503) ~[na:na]
	at org.eclipse.aether.internal.impl.DefaultArtifactResolver.resolve(DefaultArtifactResolver.java:421) ~[na:na]
	... 8 common frames omitted
2017-03-11 09:27:51,820 [Worker-12] WARN  o.e.r.models.ModelRepository - Failed to download org.eclipse.recommenders:index::zip:0.0.0
org.eclipse.aether.resolution.ArtifactResolutionException: Could not transfer artifact org.eclipse.recommenders:index:zip:0.0.0-SNAPSHOT from/to models (http://download.eclipse.org/recommenders/models/neon/): download.eclipse.org
	at org.eclipse.aether.internal.impl.DefaultArtifactResolver.resolve(DefaultArtifactResolver.java:444) ~[na:na]
	at org.eclipse.aether.internal.impl.DefaultArtifactResolver.resolveArtifacts(DefaultArtifactResolver.java:246) ~[na:na]
	at org.eclipse.aether.internal.impl.DefaultArtifactResolver.resolveArtifact(DefaultArtifactResolver.java:223) ~[na:na]
	at org.eclipse.aether.internal.impl.DefaultRepositorySystem.resolveArtifact(DefaultRepositorySystem.java:294) ~[na:na]
	at org.eclipse.recommenders.models.ModelRepository.resolveInternal(ModelRepository.java:220) [org.eclipse.recommenders.models_2.4.0.v20160607-1609.jar:na]
	at org.eclipse.recommenders.models.ModelRepository.resolve(ModelRepository.java:199) [org.eclipse.recommenders.models_2.4.0.v20160607-1609.jar:na]
	at org.eclipse.recommenders.internal.models.rcp.EclipseModelRepository.resolve(EclipseModelRepository.java:165) [org.eclipse.recommenders.models.rcp_2.4.0.v20160607-1609.jar:na]
	at org.eclipse.recommenders.internal.models.rcp.DownloadModelArchiveJob.run(DownloadModelArchiveJob.java:76) [org.eclipse.recommenders.models.rcp_2.4.0.v20160607-1609.jar:na]
	at org.eclipse.core.internal.jobs.Worker.run(Worker.java:55) [org.eclipse.core.jobs_3.8.0.v20160509-0411.jar:na]
Caused by: org.eclipse.aether.transfer.ArtifactTransferException: Could not transfer artifact org.eclipse.recommenders:index:zip:0.0.0-SNAPSHOT from/to models (http://download.eclipse.org/recommenders/models/neon/): download.eclipse.org
	at org.eclipse.aether.connector.basic.ArtifactTransportListener.transferFailed(ArtifactTransportListener.java:43) ~[org.eclipse.aether.connector.basic_1.0.1.v20141111.jar:na]
	at org.eclipse.aether.connector.basic.BasicRepositoryConnector$TaskRunner.run(BasicRepositoryConnector.java:355) ~[org.eclipse.aether.connector.basic_1.0.1.v20141111.jar:na]
	at org.eclipse.aether.util.concurrency.RunnableErrorForwarder$1.run(RunnableErrorForwarder.java:67) ~[na:na]
	at org.eclipse.aether.connector.basic.BasicRepositoryConnector$DirectExecutor.execute(BasicRepositoryConnector.java:581) ~[org.eclipse.aether.connector.basic_1.0.1.v20141111.jar:na]
	at org.eclipse.aether.connector.basic.BasicRepositoryConnector.get(BasicRepositoryConnector.java:249) ~[org.eclipse.aether.connector.basic_1.0.1.v20141111.jar:na]
	at org.eclipse.aether.internal.impl.DefaultArtifactResolver.performDownloads(DefaultArtifactResolver.java:520) ~[na:na]
	at org.eclipse.aether.internal.impl.DefaultArtifactResolver.resolve(DefaultArtifactResolver.java:421) ~[na:na]
	... 8 common frames omitted
Caused by: java.net.UnknownHostException: download.eclipse.org
	at java.net.InetAddress.getAllByName0(Unknown Source) ~[na:1.8.0_111]
	at java.net.InetAddress.getAllByName(Unknown Source) ~[na:1.8.0_111]
	at java.net.InetAddress.getAllByName(Unknown Source) ~[na:1.8.0_111]
	at org.apache.http.impl.conn.SystemDefaultDnsResolver.resolve(SystemDefaultDnsResolver.java:44) ~[na:na]
	at org.apache.http.impl.conn.DefaultClientConnectionOperator.resolveHostname(DefaultClientConnectionOperator.java:259) ~[na:na]
	at org.apache.http.impl.conn.DefaultClientConnectionOperator.openConnection(DefaultClientConnectionOperator.java:159) ~[na:na]
	at org.apache.http.impl.conn.ManagedClientConnectionImpl.open(ManagedClientConnectionImpl.java:304) ~[na:na]
	at org.apache.http.impl.client.DefaultRequestDirector.tryConnect(DefaultRequestDirector.java:611) ~[na:na]
	at org.apache.http.impl.client.DefaultRequestDirector.execute(DefaultRequestDirector.java:446) ~[na:na]
	at org.apache.http.impl.client.AbstractHttpClient.doExecute(AbstractHttpClient.java:863) ~[na:na]
	at org.apache.http.impl.client.CloseableHttpClient.execute(CloseableHttpClient.java:72) ~[na:na]
	at org.apache.http.impl.client.CloseableHttpClient.execute(CloseableHttpClient.java:57) ~[na:na]
	at org.apache.http.impl.client.DecompressingHttpClient.execute(DecompressingHttpClient.java:158) ~[na:na]
	at org.eclipse.aether.transport.http.HttpTransporter.execute(HttpTransporter.java:287) ~[org.eclipse.aether.transport.http_1.0.1.v20141111.jar:na]
	at org.eclipse.aether.transport.http.HttpTransporter.implGet(HttpTransporter.java:243) ~[org.eclipse.aether.transport.http_1.0.1.v20141111.jar:na]
	at org.eclipse.aether.spi.connector.transport.AbstractTransporter.get(AbstractTransporter.java:59) ~[org.eclipse.aether.spi_1.0.1.v20141111.jar:na]
	at org.eclipse.aether.connector.basic.BasicRepositoryConnector$GetTaskRunner.runTask(BasicRepositoryConnector.java:447) ~[org.eclipse.aether.connector.basic_1.0.1.v20141111.jar:na]
	at org.eclipse.aether.connector.basic.BasicRepositoryConnector$TaskRunner.run(BasicRepositoryConnector.java:350) ~[org.eclipse.aether.connector.basic_1.0.1.v20141111.jar:na]
	... 13 common frames omitted
2017-03-11 09:27:51,954 [Worker-14] WARN  o.e.r.models.ModelRepository - Failed to download jre:jre:call:zip:1.0.0
org.eclipse.aether.resolution.ArtifactResolutionException: Could not transfer artifact jre:jre:zip:call:1.0.0-SNAPSHOT from/to models (http://download.eclipse.org/recommenders/models/neon/): download.eclipse.org
	at org.eclipse.aether.internal.impl.DefaultArtifactResolver.resolve(DefaultArtifactResolver.java:444) ~[na:na]
	at org.eclipse.aether.internal.impl.DefaultArtifactResolver.resolveArtifacts(DefaultArtifactResolver.java:246) ~[na:na]
	at org.eclipse.aether.internal.impl.DefaultArtifactResolver.resolveArtifact(DefaultArtifactResolver.java:223) ~[na:na]
	at org.eclipse.aether.internal.impl.DefaultRepositorySystem.resolveArtifact(DefaultRepositorySystem.java:294) ~[na:na]
	at org.eclipse.recommenders.models.ModelRepository.resolveInternal(ModelRepository.java:220) [org.eclipse.recommenders.models_2.4.0.v20160607-1609.jar:na]
	at org.eclipse.recommenders.models.ModelRepository.resolve(ModelRepository.java:199) [org.eclipse.recommenders.models_2.4.0.v20160607-1609.jar:na]
	at org.eclipse.recommenders.internal.models.rcp.EclipseModelRepository.resolve(EclipseModelRepository.java:165) [org.eclipse.recommenders.models.rcp_2.4.0.v20160607-1609.jar:na]
	at org.eclipse.recommenders.internal.models.rcp.DownloadModelArchiveJob.run(DownloadModelArchiveJob.java:76) [org.eclipse.recommenders.models.rcp_2.4.0.v20160607-1609.jar:na]
	at org.eclipse.core.internal.jobs.Worker.run(Worker.java:55) [org.eclipse.core.jobs_3.8.0.v20160509-0411.jar:na]
Caused by: org.eclipse.aether.transfer.ArtifactTransferException: Could not transfer artifact jre:jre:zip:call:1.0.0-SNAPSHOT from/to models (http://download.eclipse.org/recommenders/models/neon/): download.eclipse.org
	at org.eclipse.aether.connector.basic.ArtifactTransportListener.transferFailed(ArtifactTransportListener.java:43) ~[org.eclipse.aether.connector.basic_1.0.1.v20141111.jar:na]
	at org.eclipse.aether.connector.basic.BasicRepositoryConnector$TaskRunner.run(BasicRepositoryConnector.java:355) ~[org.eclipse.aether.connector.basic_1.0.1.v20141111.jar:na]
	at org.eclipse.aether.util.concurrency.RunnableErrorForwarder$1.run(RunnableErrorForwarder.java:67) ~[na:na]
	at org.eclipse.aether.connector.basic.BasicRepositoryConnector$DirectExecutor.execute(BasicRepositoryConnector.java:581) ~[org.eclipse.aether.connector.basic_1.0.1.v20141111.jar:na]
	at org.eclipse.aether.connector.basic.BasicRepositoryConnector.get(BasicRepositoryConnector.java:249) ~[org.eclipse.aether.connector.basic_1.0.1.v20141111.jar:na]
	at org.eclipse.aether.internal.impl.DefaultArtifactResolver.performDownloads(DefaultArtifactResolver.java:520) ~[na:na]
	at org.eclipse.aether.internal.impl.DefaultArtifactResolver.resolve(DefaultArtifactResolver.java:421) ~[na:na]
	... 8 common frames omitted
Caused by: java.net.UnknownHostException: download.eclipse.org
	at java.net.InetAddress.getAllByName0(Unknown Source) ~[na:1.8.0_111]
	at java.net.InetAddress.getAllByName(Unknown Source) ~[na:1.8.0_111]
	at java.net.InetAddress.getAllByName(Unknown Source) ~[na:1.8.0_111]
	at org.apache.http.impl.conn.SystemDefaultDnsResolver.resolve(SystemDefaultDnsResolver.java:44) ~[na:na]
	at org.apache.http.impl.conn.DefaultClientConnectionOperator.resolveHostname(DefaultClientConnectionOperator.java:259) ~[na:na]
	at org.apache.http.impl.conn.DefaultClientConnectionOperator.openConnection(DefaultClientConnectionOperator.java:159) ~[na:na]
	at org.apache.http.impl.conn.ManagedClientConnectionImpl.open(ManagedClientConnectionImpl.java:304) ~[na:na]
	at org.apache.http.impl.client.DefaultRequestDirector.tryConnect(DefaultRequestDirector.java:611) ~[na:na]
	at org.apache.http.impl.client.DefaultRequestDirector.execute(DefaultRequestDirector.java:446) ~[na:na]
	at org.apache.http.impl.client.AbstractHttpClient.doExecute(AbstractHttpClient.java:863) ~[na:na]
	at org.apache.http.impl.client.CloseableHttpClient.execute(CloseableHttpClient.java:72) ~[na:na]
	at org.apache.http.impl.client.CloseableHttpClient.execute(CloseableHttpClient.java:57) ~[na:na]
	at org.apache.http.impl.client.DecompressingHttpClient.execute(DecompressingHttpClient.java:158) ~[na:na]
	at org.eclipse.aether.transport.http.HttpTransporter.execute(HttpTransporter.java:287) ~[org.eclipse.aether.transport.http_1.0.1.v20141111.jar:na]
	at org.eclipse.aether.transport.http.HttpTransporter.implGet(HttpTransporter.java:243) ~[org.eclipse.aether.transport.http_1.0.1.v20141111.jar:na]
	at org.eclipse.aether.spi.connector.transport.AbstractTransporter.get(AbstractTransporter.java:59) ~[org.eclipse.aether.spi_1.0.1.v20141111.jar:na]
	at org.eclipse.aether.connector.basic.BasicRepositoryConnector$GetTaskRunner.runTask(BasicRepositoryConnector.java:447) ~[org.eclipse.aether.connector.basic_1.0.1.v20141111.jar:na]
	at org.eclipse.aether.connector.basic.BasicRepositoryConnector$TaskRunner.run(BasicRepositoryConnector.java:350) ~[org.eclipse.aether.connector.basic_1.0.1.v20141111.jar:na]
	... 13 common frames omitted
2017-03-11 09:27:51,962 [Worker-9] WARN  o.e.r.models.ModelRepository - Failed to download jre:jre:call:zip:1.0.0
org.eclipse.aether.resolution.ArtifactResolutionException: Failure to transfer jre:jre:zip:call:1.0.0-SNAPSHOT from http://download.eclipse.org/recommenders/models/neon/ was cached in the local repository, resolution will not be reattempted until the update interval of models has elapsed or updates are forced. Original error: Could not transfer artifact jre:jre:zip:call:1.0.0-SNAPSHOT from/to models (http://download.eclipse.org/recommenders/models/neon/): download.eclipse.org
	at org.eclipse.aether.internal.impl.DefaultArtifactResolver.resolve(DefaultArtifactResolver.java:444) ~[na:na]
	at org.eclipse.aether.internal.impl.DefaultArtifactResolver.resolveArtifacts(DefaultArtifactResolver.java:246) ~[na:na]
	at org.eclipse.aether.internal.impl.DefaultArtifactResolver.resolveArtifact(DefaultArtifactResolver.java:223) ~[na:na]
	at org.eclipse.aether.internal.impl.DefaultRepositorySystem.resolveArtifact(DefaultRepositorySystem.java:294) ~[na:na]
	at org.eclipse.recommenders.models.ModelRepository.resolveInternal(ModelRepository.java:220) [org.eclipse.recommenders.models_2.4.0.v20160607-1609.jar:na]
	at org.eclipse.recommenders.models.ModelRepository.resolve(ModelRepository.java:199) [org.eclipse.recommenders.models_2.4.0.v20160607-1609.jar:na]
	at org.eclipse.recommenders.internal.models.rcp.EclipseModelRepository.resolve(EclipseModelRepository.java:165) [org.eclipse.recommenders.models.rcp_2.4.0.v20160607-1609.jar:na]
	at org.eclipse.recommenders.internal.models.rcp.DownloadModelArchiveJob.run(DownloadModelArchiveJob.java:76) [org.eclipse.recommenders.models.rcp_2.4.0.v20160607-1609.jar:na]
	at org.eclipse.core.internal.jobs.Worker.run(Worker.java:55) [org.eclipse.core.jobs_3.8.0.v20160509-0411.jar:na]
Caused by: org.eclipse.aether.transfer.ArtifactTransferException: Failure to transfer jre:jre:zip:call:1.0.0-SNAPSHOT from http://download.eclipse.org/recommenders/models/neon/ was cached in the local repository, resolution will not be reattempted until the update interval of models has elapsed or updates are forced. Original error: Could not transfer artifact jre:jre:zip:call:1.0.0-SNAPSHOT from/to models (http://download.eclipse.org/recommenders/models/neon/): download.eclipse.org
	at org.eclipse.aether.internal.impl.DefaultUpdateCheckManager.newException(DefaultUpdateCheckManager.java:238) ~[na:na]
	at org.eclipse.aether.internal.impl.DefaultUpdateCheckManager.checkArtifact(DefaultUpdateCheckManager.java:206) ~[na:na]
	at org.eclipse.aether.internal.impl.DefaultArtifactResolver.gatherDownloads(DefaultArtifactResolver.java:585) ~[na:na]
	at org.eclipse.aether.internal.impl.DefaultArtifactResolver.performDownloads(DefaultArtifactResolver.java:503) ~[na:na]
	at org.eclipse.aether.internal.impl.DefaultArtifactResolver.resolve(DefaultArtifactResolver.java:421) ~[na:na]
	... 8 common frames omitted
2017-03-11 09:39:10,247 [Worker-15] WARN  o.e.r.models.ModelRepository - Failed to download jre:jre:call:zip:1.0.0
org.eclipse.aether.resolution.ArtifactResolutionException: Failure to transfer jre:jre:zip:call:1.0.0-SNAPSHOT from http://download.eclipse.org/recommenders/models/neon/ was cached in the local repository, resolution will not be reattempted until the update interval of models has elapsed or updates are forced. Original error: Could not transfer artifact jre:jre:zip:call:1.0.0-SNAPSHOT from/to models (http://download.eclipse.org/recommenders/models/neon/): download.eclipse.org
	at org.eclipse.aether.internal.impl.DefaultArtifactResolver.resolve(DefaultArtifactResolver.java:444) ~[na:na]
	at org.eclipse.aether.internal.impl.DefaultArtifactResolver.resolveArtifacts(DefaultArtifactResolver.java:246) ~[na:na]
	at org.eclipse.aether.internal.impl.DefaultArtifactResolver.resolveArtifact(DefaultArtifactResolver.java:223) ~[na:na]
	at org.eclipse.aether.internal.impl.DefaultRepositorySystem.resolveArtifact(DefaultRepositorySystem.java:294) ~[na:na]
	at org.eclipse.recommenders.models.ModelRepository.resolveInternal(ModelRepository.java:220) [org.eclipse.recommenders.models_2.4.0.v20160607-1609.jar:na]
	at org.eclipse.recommenders.models.ModelRepository.resolve(ModelRepository.java:199) [org.eclipse.recommenders.models_2.4.0.v20160607-1609.jar:na]
	at org.eclipse.recommenders.internal.models.rcp.EclipseModelRepository.resolve(EclipseModelRepository.java:165) [org.eclipse.recommenders.models.rcp_2.4.0.v20160607-1609.jar:na]
	at org.eclipse.recommenders.internal.models.rcp.DownloadModelArchiveJob.run(DownloadModelArchiveJob.java:76) [org.eclipse.recommenders.models.rcp_2.4.0.v20160607-1609.jar:na]
	at org.eclipse.core.internal.jobs.Worker.run(Worker.java:55) [org.eclipse.core.jobs_3.8.0.v20160509-0411.jar:na]
Caused by: org.eclipse.aether.transfer.ArtifactTransferException: Failure to transfer jre:jre:zip:call:1.0.0-SNAPSHOT from http://download.eclipse.org/recommenders/models/neon/ was cached in the local repository, resolution will not be reattempted until the update interval of models has elapsed or updates are forced. Original error: Could not transfer artifact jre:jre:zip:call:1.0.0-SNAPSHOT from/to models (http://download.eclipse.org/recommenders/models/neon/): download.eclipse.org
	at org.eclipse.aether.internal.impl.DefaultUpdateCheckManager.newException(DefaultUpdateCheckManager.java:238) ~[na:na]
	at org.eclipse.aether.internal.impl.DefaultUpdateCheckManager.checkArtifact(DefaultUpdateCheckManager.java:206) ~[na:na]
	at org.eclipse.aether.internal.impl.DefaultArtifactResolver.gatherDownloads(DefaultArtifactResolver.java:585) ~[na:na]
	at org.eclipse.aether.internal.impl.DefaultArtifactResolver.performDownloads(DefaultArtifactResolver.java:503) ~[na:na]
	at org.eclipse.aether.internal.impl.DefaultArtifactResolver.resolve(DefaultArtifactResolver.java:421) ~[na:na]
	... 8 common frames omitted
2017-03-11 09:50:31,332 [Worker-21] WARN  o.e.r.models.ModelRepository - Failed to download jre:jre:call:zip:1.0.0
org.eclipse.aether.resolution.ArtifactResolutionException: Failure to transfer jre:jre:zip:call:1.0.0-SNAPSHOT from http://download.eclipse.org/recommenders/models/neon/ was cached in the local repository, resolution will not be reattempted until the update interval of models has elapsed or updates are forced. Original error: Could not transfer artifact jre:jre:zip:call:1.0.0-SNAPSHOT from/to models (http://download.eclipse.org/recommenders/models/neon/): download.eclipse.org
	at org.eclipse.aether.internal.impl.DefaultArtifactResolver.resolve(DefaultArtifactResolver.java:444) ~[na:na]
	at org.eclipse.aether.internal.impl.DefaultArtifactResolver.resolveArtifacts(DefaultArtifactResolver.java:246) ~[na:na]
	at org.eclipse.aether.internal.impl.DefaultArtifactResolver.resolveArtifact(DefaultArtifactResolver.java:223) ~[na:na]
	at org.eclipse.aether.internal.impl.DefaultRepositorySystem.resolveArtifact(DefaultRepositorySystem.java:294) ~[na:na]
	at org.eclipse.recommenders.models.ModelRepository.resolveInternal(ModelRepository.java:220) [org.eclipse.recommenders.models_2.4.0.v20160607-1609.jar:na]
	at org.eclipse.recommenders.models.ModelRepository.resolve(ModelRepository.java:199) [org.eclipse.recommenders.models_2.4.0.v20160607-1609.jar:na]
	at org.eclipse.recommenders.internal.models.rcp.EclipseModelRepository.resolve(EclipseModelRepository.java:165) [org.eclipse.recommenders.models.rcp_2.4.0.v20160607-1609.jar:na]
	at org.eclipse.recommenders.internal.models.rcp.DownloadModelArchiveJob.run(DownloadModelArchiveJob.java:76) [org.eclipse.recommenders.models.rcp_2.4.0.v20160607-1609.jar:na]
	at org.eclipse.core.internal.jobs.Worker.run(Worker.java:55) [org.eclipse.core.jobs_3.8.0.v20160509-0411.jar:na]
Caused by: org.eclipse.aether.transfer.ArtifactTransferException: Failure to transfer jre:jre:zip:call:1.0.0-SNAPSHOT from http://download.eclipse.org/recommenders/models/neon/ was cached in the local repository, resolution will not be reattempted until the update interval of models has elapsed or updates are forced. Original error: Could not transfer artifact jre:jre:zip:call:1.0.0-SNAPSHOT from/to models (http://download.eclipse.org/recommenders/models/neon/): download.eclipse.org
	at org.eclipse.aether.internal.impl.DefaultUpdateCheckManager.newException(DefaultUpdateCheckManager.java:238) ~[na:na]
	at org.eclipse.aether.internal.impl.DefaultUpdateCheckManager.checkArtifact(DefaultUpdateCheckManager.java:206) ~[na:na]
	at org.eclipse.aether.internal.impl.DefaultArtifactResolver.gatherDownloads(DefaultArtifactResolver.java:585) ~[na:na]
	at org.eclipse.aether.internal.impl.DefaultArtifactResolver.performDownloads(DefaultArtifactResolver.java:503) ~[na:na]
	at org.eclipse.aether.internal.impl.DefaultArtifactResolver.resolve(DefaultArtifactResolver.java:421) ~[na:na]
	... 8 common frames omitted
2017-03-11 09:50:42,545 [Worker-23] WARN  o.e.r.models.ModelRepository - Failed to download jre:jre:call:zip:1.0.0
org.eclipse.aether.resolution.ArtifactResolutionException: Failure to transfer jre:jre:zip:call:1.0.0-SNAPSHOT from http://download.eclipse.org/recommenders/models/neon/ was cached in the local repository, resolution will not be reattempted until the update interval of models has elapsed or updates are forced. Original error: Could not transfer artifact jre:jre:zip:call:1.0.0-SNAPSHOT from/to models (http://download.eclipse.org/recommenders/models/neon/): download.eclipse.org
	at org.eclipse.aether.internal.impl.DefaultArtifactResolver.resolve(DefaultArtifactResolver.java:444) ~[na:na]
	at org.eclipse.aether.internal.impl.DefaultArtifactResolver.resolveArtifacts(DefaultArtifactResolver.java:246) ~[na:na]
	at org.eclipse.aether.internal.impl.DefaultArtifactResolver.resolveArtifact(DefaultArtifactResolver.java:223) ~[na:na]
	at org.eclipse.aether.internal.impl.DefaultRepositorySystem.resolveArtifact(DefaultRepositorySystem.java:294) ~[na:na]
	at org.eclipse.recommenders.models.ModelRepository.resolveInternal(ModelRepository.java:220) [org.eclipse.recommenders.models_2.4.0.v20160607-1609.jar:na]
	at org.eclipse.recommenders.models.ModelRepository.resolve(ModelRepository.java:199) [org.eclipse.recommenders.models_2.4.0.v20160607-1609.jar:na]
	at org.eclipse.recommenders.internal.models.rcp.EclipseModelRepository.resolve(EclipseModelRepository.java:165) [org.eclipse.recommenders.models.rcp_2.4.0.v20160607-1609.jar:na]
	at org.eclipse.recommenders.internal.models.rcp.DownloadModelArchiveJob.run(DownloadModelArchiveJob.java:76) [org.eclipse.recommenders.models.rcp_2.4.0.v20160607-1609.jar:na]
	at org.eclipse.core.internal.jobs.Worker.run(Worker.java:55) [org.eclipse.core.jobs_3.8.0.v20160509-0411.jar:na]
Caused by: org.eclipse.aether.transfer.ArtifactTransferException: Failure to transfer jre:jre:zip:call:1.0.0-SNAPSHOT from http://download.eclipse.org/recommenders/models/neon/ was cached in the local repository, resolution will not be reattempted until the update interval of models has elapsed or updates are forced. Original error: Could not transfer artifact jre:jre:zip:call:1.0.0-SNAPSHOT from/to models (http://download.eclipse.org/recommenders/models/neon/): download.eclipse.org
	at org.eclipse.aether.internal.impl.DefaultUpdateCheckManager.newException(DefaultUpdateCheckManager.java:238) ~[na:na]
	at org.eclipse.aether.internal.impl.DefaultUpdateCheckManager.checkArtifact(DefaultUpdateCheckManager.java:206) ~[na:na]
	at org.eclipse.aether.internal.impl.DefaultArtifactResolver.gatherDownloads(DefaultArtifactResolver.java:585) ~[na:na]
	at org.eclipse.aether.internal.impl.DefaultArtifactResolver.performDownloads(DefaultArtifactResolver.java:503) ~[na:na]
	at org.eclipse.aether.internal.impl.DefaultArtifactResolver.resolve(DefaultArtifactResolver.java:421) ~[na:na]
	... 8 common frames omitted
2017-03-11 10:04:34,233 [Worker-28] WARN  o.e.r.models.ModelRepository - Failed to download jre:jre:call:zip:1.0.0
org.eclipse.aether.resolution.ArtifactResolutionException: Failure to transfer jre:jre:zip:call:1.0.0-SNAPSHOT from http://download.eclipse.org/recommenders/models/neon/ was cached in the local repository, resolution will not be reattempted until the update interval of models has elapsed or updates are forced. Original error: Could not transfer artifact jre:jre:zip:call:1.0.0-SNAPSHOT from/to models (http://download.eclipse.org/recommenders/models/neon/): download.eclipse.org
	at org.eclipse.aether.internal.impl.DefaultArtifactResolver.resolve(DefaultArtifactResolver.java:444) ~[na:na]
	at org.eclipse.aether.internal.impl.DefaultArtifactResolver.resolveArtifacts(DefaultArtifactResolver.java:246) ~[na:na]
	at org.eclipse.aether.internal.impl.DefaultArtifactResolver.resolveArtifact(DefaultArtifactResolver.java:223) ~[na:na]
	at org.eclipse.aether.internal.impl.DefaultRepositorySystem.resolveArtifact(DefaultRepositorySystem.java:294) ~[na:na]
	at org.eclipse.recommenders.models.ModelRepository.resolveInternal(ModelRepository.java:220) [org.eclipse.recommenders.models_2.4.0.v20160607-1609.jar:na]
	at org.eclipse.recommenders.models.ModelRepository.resolve(ModelRepository.java:199) [org.eclipse.recommenders.models_2.4.0.v20160607-1609.jar:na]
	at org.eclipse.recommenders.internal.models.rcp.EclipseModelRepository.resolve(EclipseModelRepository.java:165) [org.eclipse.recommenders.models.rcp_2.4.0.v20160607-1609.jar:na]
	at org.eclipse.recommenders.internal.models.rcp.DownloadModelArchiveJob.run(DownloadModelArchiveJob.java:76) [org.eclipse.recommenders.models.rcp_2.4.0.v20160607-1609.jar:na]
	at org.eclipse.core.internal.jobs.Worker.run(Worker.java:55) [org.eclipse.core.jobs_3.8.0.v20160509-0411.jar:na]
Caused by: org.eclipse.aether.transfer.ArtifactTransferException: Failure to transfer jre:jre:zip:call:1.0.0-SNAPSHOT from http://download.eclipse.org/recommenders/models/neon/ was cached in the local repository, resolution will not be reattempted until the update interval of models has elapsed or updates are forced. Original error: Could not transfer artifact jre:jre:zip:call:1.0.0-SNAPSHOT from/to models (http://download.eclipse.org/recommenders/models/neon/): download.eclipse.org
	at org.eclipse.aether.internal.impl.DefaultUpdateCheckManager.newException(DefaultUpdateCheckManager.java:238) ~[na:na]
	at org.eclipse.aether.internal.impl.DefaultUpdateCheckManager.checkArtifact(DefaultUpdateCheckManager.java:206) ~[na:na]
	at org.eclipse.aether.internal.impl.DefaultArtifactResolver.gatherDownloads(DefaultArtifactResolver.java:585) ~[na:na]
	at org.eclipse.aether.internal.impl.DefaultArtifactResolver.performDownloads(DefaultArtifactResolver.java:503) ~[na:na]
	at org.eclipse.aether.internal.impl.DefaultArtifactResolver.resolve(DefaultArtifactResolver.java:421) ~[na:na]
	... 8 common frames omitted
2017-03-11 10:04:48,779 [Worker-28] WARN  o.e.r.models.ModelRepository - Failed to download jre:jre:call:zip:1.0.0
org.eclipse.aether.resolution.ArtifactResolutionException: Failure to transfer jre:jre:zip:call:1.0.0-SNAPSHOT from http://download.eclipse.org/recommenders/models/neon/ was cached in the local repository, resolution will not be reattempted until the update interval of models has elapsed or updates are forced. Original error: Could not transfer artifact jre:jre:zip:call:1.0.0-SNAPSHOT from/to models (http://download.eclipse.org/recommenders/models/neon/): download.eclipse.org
	at org.eclipse.aether.internal.impl.DefaultArtifactResolver.resolve(DefaultArtifactResolver.java:444) ~[na:na]
	at org.eclipse.aether.internal.impl.DefaultArtifactResolver.resolveArtifacts(DefaultArtifactResolver.java:246) ~[na:na]
	at org.eclipse.aether.internal.impl.DefaultArtifactResolver.resolveArtifact(DefaultArtifactResolver.java:223) ~[na:na]
	at org.eclipse.aether.internal.impl.DefaultRepositorySystem.resolveArtifact(DefaultRepositorySystem.java:294) ~[na:na]
	at org.eclipse.recommenders.models.ModelRepository.resolveInternal(ModelRepository.java:220) [org.eclipse.recommenders.models_2.4.0.v20160607-1609.jar:na]
	at org.eclipse.recommenders.models.ModelRepository.resolve(ModelRepository.java:199) [org.eclipse.recommenders.models_2.4.0.v20160607-1609.jar:na]
	at org.eclipse.recommenders.internal.models.rcp.EclipseModelRepository.resolve(EclipseModelRepository.java:165) [org.eclipse.recommenders.models.rcp_2.4.0.v20160607-1609.jar:na]
	at org.eclipse.recommenders.internal.models.rcp.DownloadModelArchiveJob.run(DownloadModelArchiveJob.java:76) [org.eclipse.recommenders.models.rcp_2.4.0.v20160607-1609.jar:na]
	at org.eclipse.core.internal.jobs.Worker.run(Worker.java:55) [org.eclipse.core.jobs_3.8.0.v20160509-0411.jar:na]
Caused by: org.eclipse.aether.transfer.ArtifactTransferException: Failure to transfer jre:jre:zip:call:1.0.0-SNAPSHOT from http://download.eclipse.org/recommenders/models/neon/ was cached in the local repository, resolution will not be reattempted until the update interval of models has elapsed or updates are forced. Original error: Could not transfer artifact jre:jre:zip:call:1.0.0-SNAPSHOT from/to models (http://download.eclipse.org/recommenders/models/neon/): download.eclipse.org
	at org.eclipse.aether.internal.impl.DefaultUpdateCheckManager.newException(DefaultUpdateCheckManager.java:238) ~[na:na]
	at org.eclipse.aether.internal.impl.DefaultUpdateCheckManager.checkArtifact(DefaultUpdateCheckManager.java:206) ~[na:na]
	at org.eclipse.aether.internal.impl.DefaultArtifactResolver.gatherDownloads(DefaultArtifactResolver.java:585) ~[na:na]
	at org.eclipse.aether.internal.impl.DefaultArtifactResolver.performDownloads(DefaultArtifactResolver.java:503) ~[na:na]
	at org.eclipse.aether.internal.impl.DefaultArtifactResolver.resolve(DefaultArtifactResolver.java:421) ~[na:na]
	... 8 common frames omitted
2017-03-11 10:04:53,742 [Worker-30] WARN  o.e.r.models.ModelRepository - Failed to download jre:jre:call:zip:1.0.0
org.eclipse.aether.resolution.ArtifactResolutionException: Failure to transfer jre:jre:zip:call:1.0.0-SNAPSHOT from http://download.eclipse.org/recommenders/models/neon/ was cached in the local repository, resolution will not be reattempted until the update interval of models has elapsed or updates are forced. Original error: Could not transfer artifact jre:jre:zip:call:1.0.0-SNAPSHOT from/to models (http://download.eclipse.org/recommenders/models/neon/): download.eclipse.org
	at org.eclipse.aether.internal.impl.DefaultArtifactResolver.resolve(DefaultArtifactResolver.java:444) ~[na:na]
	at org.eclipse.aether.internal.impl.DefaultArtifactResolver.resolveArtifacts(DefaultArtifactResolver.java:246) ~[na:na]
	at org.eclipse.aether.internal.impl.DefaultArtifactResolver.resolveArtifact(DefaultArtifactResolver.java:223) ~[na:na]
	at org.eclipse.aether.internal.impl.DefaultRepositorySystem.resolveArtifact(DefaultRepositorySystem.java:294) ~[na:na]
	at org.eclipse.recommenders.models.ModelRepository.resolveInternal(ModelRepository.java:220) [org.eclipse.recommenders.models_2.4.0.v20160607-1609.jar:na]
	at org.eclipse.recommenders.models.ModelRepository.resolve(ModelRepository.java:199) [org.eclipse.recommenders.models_2.4.0.v20160607-1609.jar:na]
	at org.eclipse.recommenders.internal.models.rcp.EclipseModelRepository.resolve(EclipseModelRepository.java:165) [org.eclipse.recommenders.models.rcp_2.4.0.v20160607-1609.jar:na]
	at org.eclipse.recommenders.internal.models.rcp.DownloadModelArchiveJob.run(DownloadModelArchiveJob.java:76) [org.eclipse.recommenders.models.rcp_2.4.0.v20160607-1609.jar:na]
	at org.eclipse.core.internal.jobs.Worker.run(Worker.java:55) [org.eclipse.core.jobs_3.8.0.v20160509-0411.jar:na]
Caused by: org.eclipse.aether.transfer.ArtifactTransferException: Failure to transfer jre:jre:zip:call:1.0.0-SNAPSHOT from http://download.eclipse.org/recommenders/models/neon/ was cached in the local repository, resolution will not be reattempted until the update interval of models has elapsed or updates are forced. Original error: Could not transfer artifact jre:jre:zip:call:1.0.0-SNAPSHOT from/to models (http://download.eclipse.org/recommenders/models/neon/): download.eclipse.org
	at org.eclipse.aether.internal.impl.DefaultUpdateCheckManager.newException(DefaultUpdateCheckManager.java:238) ~[na:na]
	at org.eclipse.aether.internal.impl.DefaultUpdateCheckManager.checkArtifact(DefaultUpdateCheckManager.java:206) ~[na:na]
	at org.eclipse.aether.internal.impl.DefaultArtifactResolver.gatherDownloads(DefaultArtifactResolver.java:585) ~[na:na]
	at org.eclipse.aether.internal.impl.DefaultArtifactResolver.performDownloads(DefaultArtifactResolver.java:503) ~[na:na]
	at org.eclipse.aether.internal.impl.DefaultArtifactResolver.resolve(DefaultArtifactResolver.java:421) ~[na:na]
	... 8 common frames omitted
2017-03-11 11:11:14,523 [Worker-40] WARN  o.e.r.models.ModelRepository - Failed to download jre:jre:call:zip:1.0.0
org.eclipse.aether.resolution.ArtifactResolutionException: Could not transfer artifact jre:jre:zip:call:1.0.0-SNAPSHOT from/to models (http://download.eclipse.org/recommenders/models/neon/): download.eclipse.org
	at org.eclipse.aether.internal.impl.DefaultArtifactResolver.resolve(DefaultArtifactResolver.java:444) ~[na:na]
	at org.eclipse.aether.internal.impl.DefaultArtifactResolver.resolveArtifacts(DefaultArtifactResolver.java:246) ~[na:na]
	at org.eclipse.aether.internal.impl.DefaultArtifactResolver.resolveArtifact(DefaultArtifactResolver.java:223) ~[na:na]
	at org.eclipse.aether.internal.impl.DefaultRepositorySystem.resolveArtifact(DefaultRepositorySystem.java:294) ~[na:na]
	at org.eclipse.recommenders.models.ModelRepository.resolveInternal(ModelRepository.java:220) [org.eclipse.recommenders.models_2.4.0.v20160607-1609.jar:na]
	at org.eclipse.recommenders.models.ModelRepository.resolve(ModelRepository.java:199) [org.eclipse.recommenders.models_2.4.0.v20160607-1609.jar:na]
	at org.eclipse.recommenders.internal.models.rcp.EclipseModelRepository.resolve(EclipseModelRepository.java:165) [org.eclipse.recommenders.models.rcp_2.4.0.v20160607-1609.jar:na]
	at org.eclipse.recommenders.internal.models.rcp.DownloadModelArchiveJob.run(DownloadModelArchiveJob.java:76) [org.eclipse.recommenders.models.rcp_2.4.0.v20160607-1609.jar:na]
	at org.eclipse.core.internal.jobs.Worker.run(Worker.java:55) [org.eclipse.core.jobs_3.8.0.v20160509-0411.jar:na]
Caused by: org.eclipse.aether.transfer.ArtifactTransferException: Could not transfer artifact jre:jre:zip:call:1.0.0-SNAPSHOT from/to models (http://download.eclipse.org/recommenders/models/neon/): download.eclipse.org
	at org.eclipse.aether.connector.basic.ArtifactTransportListener.transferFailed(ArtifactTransportListener.java:43) ~[org.eclipse.aether.connector.basic_1.0.1.v20141111.jar:na]
	at org.eclipse.aether.connector.basic.BasicRepositoryConnector$TaskRunner.run(BasicRepositoryConnector.java:355) ~[org.eclipse.aether.connector.basic_1.0.1.v20141111.jar:na]
	at org.eclipse.aether.util.concurrency.RunnableErrorForwarder$1.run(RunnableErrorForwarder.java:67) ~[na:na]
	at org.eclipse.aether.connector.basic.BasicRepositoryConnector$DirectExecutor.execute(BasicRepositoryConnector.java:581) ~[org.eclipse.aether.connector.basic_1.0.1.v20141111.jar:na]
	at org.eclipse.aether.connector.basic.BasicRepositoryConnector.get(BasicRepositoryConnector.java:249) ~[org.eclipse.aether.connector.basic_1.0.1.v20141111.jar:na]
	at org.eclipse.aether.internal.impl.DefaultArtifactResolver.performDownloads(DefaultArtifactResolver.java:520) ~[na:na]
	at org.eclipse.aether.internal.impl.DefaultArtifactResolver.resolve(DefaultArtifactResolver.java:421) ~[na:na]
	... 8 common frames omitted
Caused by: java.net.UnknownHostException: download.eclipse.org
	at java.net.InetAddress.getAllByName0(Unknown Source) ~[na:1.8.0_111]
	at java.net.InetAddress.getAllByName(Unknown Source) ~[na:1.8.0_111]
	at java.net.InetAddress.getAllByName(Unknown Source) ~[na:1.8.0_111]
	at org.apache.http.impl.conn.SystemDefaultDnsResolver.resolve(SystemDefaultDnsResolver.java:44) ~[na:na]
	at org.apache.http.impl.conn.DefaultClientConnectionOperator.resolveHostname(DefaultClientConnectionOperator.java:259) ~[na:na]
	at org.apache.http.impl.conn.DefaultClientConnectionOperator.openConnection(DefaultClientConnectionOperator.java:159) ~[na:na]
	at org.apache.http.impl.conn.ManagedClientConnectionImpl.open(ManagedClientConnectionImpl.java:304) ~[na:na]
	at org.apache.http.impl.client.DefaultRequestDirector.tryConnect(DefaultRequestDirector.java:611) ~[na:na]
	at org.apache.http.impl.client.DefaultRequestDirector.execute(DefaultRequestDirector.java:446) ~[na:na]
	at org.apache.http.impl.client.AbstractHttpClient.doExecute(AbstractHttpClient.java:863) ~[na:na]
	at org.apache.http.impl.client.CloseableHttpClient.execute(CloseableHttpClient.java:72) ~[na:na]
	at org.apache.http.impl.client.CloseableHttpClient.execute(CloseableHttpClient.java:57) ~[na:na]
	at org.apache.http.impl.client.DecompressingHttpClient.execute(DecompressingHttpClient.java:158) ~[na:na]
	at org.eclipse.aether.transport.http.HttpTransporter.execute(HttpTransporter.java:287) ~[org.eclipse.aether.transport.http_1.0.1.v20141111.jar:na]
	at org.eclipse.aether.transport.http.HttpTransporter.implGet(HttpTransporter.java:243) ~[org.eclipse.aether.transport.http_1.0.1.v20141111.jar:na]
	at org.eclipse.aether.spi.connector.transport.AbstractTransporter.get(AbstractTransporter.java:59) ~[org.eclipse.aether.spi_1.0.1.v20141111.jar:na]
	at org.eclipse.aether.connector.basic.BasicRepositoryConnector$GetTaskRunner.runTask(BasicRepositoryConnector.java:447) ~[org.eclipse.aether.connector.basic_1.0.1.v20141111.jar:na]
	at org.eclipse.aether.connector.basic.BasicRepositoryConnector$TaskRunner.run(BasicRepositoryConnector.java:350) ~[org.eclipse.aether.connector.basic_1.0.1.v20141111.jar:na]
	... 13 common frames omitted
2017-03-11 11:11:33,644 [Worker-43] WARN  o.e.r.models.ModelRepository - Failed to download jre:jre:call:zip:1.0.0
org.eclipse.aether.resolution.ArtifactResolutionException: Failure to transfer jre:jre:zip:call:1.0.0-SNAPSHOT from http://download.eclipse.org/recommenders/models/neon/ was cached in the local repository, resolution will not be reattempted until the update interval of models has elapsed or updates are forced. Original error: Could not transfer artifact jre:jre:zip:call:1.0.0-SNAPSHOT from/to models (http://download.eclipse.org/recommenders/models/neon/): download.eclipse.org
	at org.eclipse.aether.internal.impl.DefaultArtifactResolver.resolve(DefaultArtifactResolver.java:444) ~[na:na]
	at org.eclipse.aether.internal.impl.DefaultArtifactResolver.resolveArtifacts(DefaultArtifactResolver.java:246) ~[na:na]
	at org.eclipse.aether.internal.impl.DefaultArtifactResolver.resolveArtifact(DefaultArtifactResolver.java:223) ~[na:na]
	at org.eclipse.aether.internal.impl.DefaultRepositorySystem.resolveArtifact(DefaultRepositorySystem.java:294) ~[na:na]
	at org.eclipse.recommenders.models.ModelRepository.resolveInternal(ModelRepository.java:220) [org.eclipse.recommenders.models_2.4.0.v20160607-1609.jar:na]
	at org.eclipse.recommenders.models.ModelRepository.resolve(ModelRepository.java:199) [org.eclipse.recommenders.models_2.4.0.v20160607-1609.jar:na]
	at org.eclipse.recommenders.internal.models.rcp.EclipseModelRepository.resolve(EclipseModelRepository.java:165) [org.eclipse.recommenders.models.rcp_2.4.0.v20160607-1609.jar:na]
	at org.eclipse.recommenders.internal.models.rcp.DownloadModelArchiveJob.run(DownloadModelArchiveJob.java:76) [org.eclipse.recommenders.models.rcp_2.4.0.v20160607-1609.jar:na]
	at org.eclipse.core.internal.jobs.Worker.run(Worker.java:55) [org.eclipse.core.jobs_3.8.0.v20160509-0411.jar:na]
Caused by: org.eclipse.aether.transfer.ArtifactTransferException: Failure to transfer jre:jre:zip:call:1.0.0-SNAPSHOT from http://download.eclipse.org/recommenders/models/neon/ was cached in the local repository, resolution will not be reattempted until the update interval of models has elapsed or updates are forced. Original error: Could not transfer artifact jre:jre:zip:call:1.0.0-SNAPSHOT from/to models (http://download.eclipse.org/recommenders/models/neon/): download.eclipse.org
	at org.eclipse.aether.internal.impl.DefaultUpdateCheckManager.newException(DefaultUpdateCheckManager.java:238) ~[na:na]
	at org.eclipse.aether.internal.impl.DefaultUpdateCheckManager.checkArtifact(DefaultUpdateCheckManager.java:206) ~[na:na]
	at org.eclipse.aether.internal.impl.DefaultArtifactResolver.gatherDownloads(DefaultArtifactResolver.java:585) ~[na:na]
	at org.eclipse.aether.internal.impl.DefaultArtifactResolver.performDownloads(DefaultArtifactResolver.java:503) ~[na:na]
	at org.eclipse.aether.internal.impl.DefaultArtifactResolver.resolve(DefaultArtifactResolver.java:421) ~[na:na]
	... 8 common frames omitted
2017-03-11 11:12:18,873 [Worker-44] WARN  o.e.r.models.ModelRepository - Failed to download jre:jre:call:zip:1.0.0
org.eclipse.aether.resolution.ArtifactResolutionException: Failure to transfer jre:jre:zip:call:1.0.0-SNAPSHOT from http://download.eclipse.org/recommenders/models/neon/ was cached in the local repository, resolution will not be reattempted until the update interval of models has elapsed or updates are forced. Original error: Could not transfer artifact jre:jre:zip:call:1.0.0-SNAPSHOT from/to models (http://download.eclipse.org/recommenders/models/neon/): download.eclipse.org
	at org.eclipse.aether.internal.impl.DefaultArtifactResolver.resolve(DefaultArtifactResolver.java:444) ~[na:na]
	at org.eclipse.aether.internal.impl.DefaultArtifactResolver.resolveArtifacts(DefaultArtifactResolver.java:246) ~[na:na]
	at org.eclipse.aether.internal.impl.DefaultArtifactResolver.resolveArtifact(DefaultArtifactResolver.java:223) ~[na:na]
	at org.eclipse.aether.internal.impl.DefaultRepositorySystem.resolveArtifact(DefaultRepositorySystem.java:294) ~[na:na]
	at org.eclipse.recommenders.models.ModelRepository.resolveInternal(ModelRepository.java:220) [org.eclipse.recommenders.models_2.4.0.v20160607-1609.jar:na]
	at org.eclipse.recommenders.models.ModelRepository.resolve(ModelRepository.java:199) [org.eclipse.recommenders.models_2.4.0.v20160607-1609.jar:na]
	at org.eclipse.recommenders.internal.models.rcp.EclipseModelRepository.resolve(EclipseModelRepository.java:165) [org.eclipse.recommenders.models.rcp_2.4.0.v20160607-1609.jar:na]
	at org.eclipse.recommenders.internal.models.rcp.DownloadModelArchiveJob.run(DownloadModelArchiveJob.java:76) [org.eclipse.recommenders.models.rcp_2.4.0.v20160607-1609.jar:na]
	at org.eclipse.core.internal.jobs.Worker.run(Worker.java:55) [org.eclipse.core.jobs_3.8.0.v20160509-0411.jar:na]
Caused by: org.eclipse.aether.transfer.ArtifactTransferException: Failure to transfer jre:jre:zip:call:1.0.0-SNAPSHOT from http://download.eclipse.org/recommenders/models/neon/ was cached in the local repository, resolution will not be reattempted until the update interval of models has elapsed or updates are forced. Original error: Could not transfer artifact jre:jre:zip:call:1.0.0-SNAPSHOT from/to models (http://download.eclipse.org/recommenders/models/neon/): download.eclipse.org
	at org.eclipse.aether.internal.impl.DefaultUpdateCheckManager.newException(DefaultUpdateCheckManager.java:238) ~[na:na]
	at org.eclipse.aether.internal.impl.DefaultUpdateCheckManager.checkArtifact(DefaultUpdateCheckManager.java:206) ~[na:na]
	at org.eclipse.aether.internal.impl.DefaultArtifactResolver.gatherDownloads(DefaultArtifactResolver.java:585) ~[na:na]
	at org.eclipse.aether.internal.impl.DefaultArtifactResolver.performDownloads(DefaultArtifactResolver.java:503) ~[na:na]
	at org.eclipse.aether.internal.impl.DefaultArtifactResolver.resolve(DefaultArtifactResolver.java:421) ~[na:na]
	... 8 common frames omitted
2017-03-11 11:12:56,167 [Worker-45] WARN  o.e.r.models.ModelRepository - Failed to download jre:jre:call:zip:1.0.0
org.eclipse.aether.resolution.ArtifactResolutionException: Failure to transfer jre:jre:zip:call:1.0.0-SNAPSHOT from http://download.eclipse.org/recommenders/models/neon/ was cached in the local repository, resolution will not be reattempted until the update interval of models has elapsed or updates are forced. Original error: Could not transfer artifact jre:jre:zip:call:1.0.0-SNAPSHOT from/to models (http://download.eclipse.org/recommenders/models/neon/): download.eclipse.org
	at org.eclipse.aether.internal.impl.DefaultArtifactResolver.resolve(DefaultArtifactResolver.java:444) ~[na:na]
	at org.eclipse.aether.internal.impl.DefaultArtifactResolver.resolveArtifacts(DefaultArtifactResolver.java:246) ~[na:na]
	at org.eclipse.aether.internal.impl.DefaultArtifactResolver.resolveArtifact(DefaultArtifactResolver.java:223) ~[na:na]
	at org.eclipse.aether.internal.impl.DefaultRepositorySystem.resolveArtifact(DefaultRepositorySystem.java:294) ~[na:na]
	at org.eclipse.recommenders.models.ModelRepository.resolveInternal(ModelRepository.java:220) [org.eclipse.recommenders.models_2.4.0.v20160607-1609.jar:na]
	at org.eclipse.recommenders.models.ModelRepository.resolve(ModelRepository.java:199) [org.eclipse.recommenders.models_2.4.0.v20160607-1609.jar:na]
	at org.eclipse.recommenders.internal.models.rcp.EclipseModelRepository.resolve(EclipseModelRepository.java:165) [org.eclipse.recommenders.models.rcp_2.4.0.v20160607-1609.jar:na]
	at org.eclipse.recommenders.internal.models.rcp.DownloadModelArchiveJob.run(DownloadModelArchiveJob.java:76) [org.eclipse.recommenders.models.rcp_2.4.0.v20160607-1609.jar:na]
	at org.eclipse.core.internal.jobs.Worker.run(Worker.java:55) [org.eclipse.core.jobs_3.8.0.v20160509-0411.jar:na]
Caused by: org.eclipse.aether.transfer.ArtifactTransferException: Failure to transfer jre:jre:zip:call:1.0.0-SNAPSHOT from http://download.eclipse.org/recommenders/models/neon/ was cached in the local repository, resolution will not be reattempted until the update interval of models has elapsed or updates are forced. Original error: Could not transfer artifact jre:jre:zip:call:1.0.0-SNAPSHOT from/to models (http://download.eclipse.org/recommenders/models/neon/): download.eclipse.org
	at org.eclipse.aether.internal.impl.DefaultUpdateCheckManager.newException(DefaultUpdateCheckManager.java:238) ~[na:na]
	at org.eclipse.aether.internal.impl.DefaultUpdateCheckManager.checkArtifact(DefaultUpdateCheckManager.java:206) ~[na:na]
	at org.eclipse.aether.internal.impl.DefaultArtifactResolver.gatherDownloads(DefaultArtifactResolver.java:585) ~[na:na]
	at org.eclipse.aether.internal.impl.DefaultArtifactResolver.performDownloads(DefaultArtifactResolver.java:503) ~[na:na]
	at org.eclipse.aether.internal.impl.DefaultArtifactResolver.resolve(DefaultArtifactResolver.java:421) ~[na:na]
	... 8 common frames omitted
2017-03-11 11:13:09,611 [Worker-44] WARN  o.e.r.models.ModelRepository - Failed to download jre:jre:call:zip:1.0.0
org.eclipse.aether.resolution.ArtifactResolutionException: Failure to transfer jre:jre:zip:call:1.0.0-SNAPSHOT from http://download.eclipse.org/recommenders/models/neon/ was cached in the local repository, resolution will not be reattempted until the update interval of models has elapsed or updates are forced. Original error: Could not transfer artifact jre:jre:zip:call:1.0.0-SNAPSHOT from/to models (http://download.eclipse.org/recommenders/models/neon/): download.eclipse.org
	at org.eclipse.aether.internal.impl.DefaultArtifactResolver.resolve(DefaultArtifactResolver.java:444) ~[na:na]
	at org.eclipse.aether.internal.impl.DefaultArtifactResolver.resolveArtifacts(DefaultArtifactResolver.java:246) ~[na:na]
	at org.eclipse.aether.internal.impl.DefaultArtifactResolver.resolveArtifact(DefaultArtifactResolver.java:223) ~[na:na]
	at org.eclipse.aether.internal.impl.DefaultRepositorySystem.resolveArtifact(DefaultRepositorySystem.java:294) ~[na:na]
	at org.eclipse.recommenders.models.ModelRepository.resolveInternal(ModelRepository.java:220) [org.eclipse.recommenders.models_2.4.0.v20160607-1609.jar:na]
	at org.eclipse.recommenders.models.ModelRepository.resolve(ModelRepository.java:199) [org.eclipse.recommenders.models_2.4.0.v20160607-1609.jar:na]
	at org.eclipse.recommenders.internal.models.rcp.EclipseModelRepository.resolve(EclipseModelRepository.java:165) [org.eclipse.recommenders.models.rcp_2.4.0.v20160607-1609.jar:na]
	at org.eclipse.recommenders.internal.models.rcp.DownloadModelArchiveJob.run(DownloadModelArchiveJob.java:76) [org.eclipse.recommenders.models.rcp_2.4.0.v20160607-1609.jar:na]
	at org.eclipse.core.internal.jobs.Worker.run(Worker.java:55) [org.eclipse.core.jobs_3.8.0.v20160509-0411.jar:na]
Caused by: org.eclipse.aether.transfer.ArtifactTransferException: Failure to transfer jre:jre:zip:call:1.0.0-SNAPSHOT from http://download.eclipse.org/recommenders/models/neon/ was cached in the local repository, resolution will not be reattempted until the update interval of models has elapsed or updates are forced. Original error: Could not transfer artifact jre:jre:zip:call:1.0.0-SNAPSHOT from/to models (http://download.eclipse.org/recommenders/models/neon/): download.eclipse.org
	at org.eclipse.aether.internal.impl.DefaultUpdateCheckManager.newException(DefaultUpdateCheckManager.java:238) ~[na:na]
	at org.eclipse.aether.internal.impl.DefaultUpdateCheckManager.checkArtifact(DefaultUpdateCheckManager.java:206) ~[na:na]
	at org.eclipse.aether.internal.impl.DefaultArtifactResolver.gatherDownloads(DefaultArtifactResolver.java:585) ~[na:na]
	at org.eclipse.aether.internal.impl.DefaultArtifactResolver.performDownloads(DefaultArtifactResolver.java:503) ~[na:na]
	at org.eclipse.aether.internal.impl.DefaultArtifactResolver.resolve(DefaultArtifactResolver.java:421) ~[na:na]
	... 8 common frames omitted
